<?xml version="1.0" encoding="UTF-8"?>
<!-- Generated by org.testng.reporters.JUnitXMLReporter -->
<testsuite ignored="6" hostname="dvtcsdevp-001" failures="0" tests="4" name="Test" time="25.412" errors="0" timestamp="2023-12-08T12:06:15 IST">
  <testcase classname="testscripts.scenario1.TC_4" name="runTC4" time="20.502"/>
  <testcase classname="testscripts.scenario1.TC_2" name="runTC4" time="22.4"/>
  <testcase classname="testscripts.scenario1.TC_3" name="runTC4" time="24.993"/>
  <testcase classname="testscripts.scenario1.TC_1" name="runTC4" time="25.139"/>
  <testcase classname="supportlibraries.TestCase" name="@AfterSuite suiteTearDown" time="0.0">
    <ignored/>
  </testcase> <!-- @AfterSuite suiteTearDown -->
  <testcase classname="supportlibraries.TestCase" name="@BeforeSuite suiteSetup" time="0.0">
    <ignored/>
  </testcase> <!-- @BeforeSuite suiteSetup -->
  <testcase classname="supportlibraries.TestCase" name="@BeforeSuite suiteSetup" time="0.0">
    <ignored/>
  </testcase> <!-- @BeforeSuite suiteSetup -->
  <testcase classname="supportlibraries.TestCase" name="@AfterSuite suiteTearDown" time="0.0">
    <ignored/>
  </testcase> <!-- @AfterSuite suiteTearDown -->
  <testcase classname="supportlibraries.TestCase" name="@AfterSuite suiteTearDown" time="0.0">
    <ignored/>
  </testcase> <!-- @AfterSuite suiteTearDown -->
  <testcase classname="supportlibraries.TestCase" name="@BeforeSuite suiteSetup" time="0.0">
    <ignored/>
  </testcase> <!-- @BeforeSuite suiteSetup -->
</testsuite> <!-- Test -->
