<?xml version="1.0" encoding="UTF-8"?>
<testng-results ignored="0" total="1" passed="1" failed="0" skipped="0">
  <reporter-output>
  </reporter-output>
  <suite started-at="2023-12-10T12:04:40 IST" name="Regression" finished-at="2023-12-10T12:04:55 IST" duration-ms="14889">
    <groups>
    </groups>
    <test started-at="2023-12-10T12:04:40 IST" name="Test" finished-at="2023-12-10T12:04:55 IST" duration-ms="14889">
      <class name="testscripts.scenario1.TC_1">
        <test-method is-config="true" signature="suiteSetup(org.testng.ITestContext)[pri:0, instance:testscripts.scenario1.TC_1@791f145a]" started-at="2023-12-10T12:04:38 IST" name="suiteSetup" finished-at="2023-12-10T12:04:40 IST" duration-ms="1842" status="PASS">
          <params>
            <param index="0">
              <value>
                <![CDATA[org.testng.TestRunner@2e185cd7]]>
              </value>
            </param>
          </params>
          <reporter-output>
          </reporter-output>
        </test-method> <!-- suiteSetup -->
        <test-method is-config="true" signature="testMethodSetup()[pri:0, instance:testscripts.scenario1.TC_1@791f145a]" started-at="2023-12-10T12:04:40 IST" name="testMethodSetup" finished-at="2023-12-10T12:04:40 IST" duration-ms="1" status="PASS">
          <reporter-output>
          </reporter-output>
        </test-method> <!-- testMethodSetup -->
        <test-method signature="runTC1(java.lang.String)[pri:0, instance:testscripts.scenario1.TC_1@791f145a]" started-at="2023-12-10T12:04:40 IST" name="runTC1" finished-at="2023-12-10T12:04:54 IST" duration-ms="14669" status="PASS">
          <params>
            <param index="0">
              <value>
                <![CDATA[chrome]]>
              </value>
            </param>
          </params>
          <reporter-output>
          </reporter-output>
        </test-method> <!-- runTC1 -->
        <test-method is-config="true" signature="testMethodTearDown()[pri:0, instance:testscripts.scenario1.TC_1@791f145a]" started-at="2023-12-10T12:04:54 IST" name="testMethodTearDown" finished-at="2023-12-10T12:04:55 IST" duration-ms="177" status="PASS">
          <reporter-output>
          </reporter-output>
        </test-method> <!-- testMethodTearDown -->
        <test-method is-config="true" signature="suiteTearDown()[pri:0, instance:testscripts.scenario1.TC_1@791f145a]" started-at="2023-12-10T12:04:55 IST" name="suiteTearDown" finished-at="2023-12-10T12:04:55 IST" duration-ms="565" status="PASS">
          <reporter-output>
          </reporter-output>
        </test-method> <!-- suiteTearDown -->
      </class> <!-- testscripts.scenario1.TC_1 -->
    </test> <!-- Test -->
  </suite> <!-- Regression -->
</testng-results>
