<?xml version="1.0" encoding="UTF-8"?>
<testng-results ignored="0" total="1" passed="1" failed="0" skipped="0">
  <reporter-output>
  </reporter-output>
  <suite started-at="2023-12-10T19:09:21 IST" name="Regression" finished-at="2023-12-10T19:09:44 IST" duration-ms="22378">
    <groups>
    </groups>
    <test started-at="2023-12-10T19:09:21 IST" name="Test" finished-at="2023-12-10T19:09:44 IST" duration-ms="22378">
      <class name="testscripts.scenario1.TC_1">
        <test-method is-config="true" signature="suiteSetup(org.testng.ITestContext)[pri:0, instance:testscripts.scenario1.TC_1@63376bed]" started-at="2023-12-10T19:09:20 IST" name="suiteSetup" finished-at="2023-12-10T19:09:21 IST" duration-ms="1765" status="PASS">
          <params>
            <param index="0">
              <value>
                <![CDATA[org.testng.TestRunner@70925b45]]>
              </value>
            </param>
          </params>
          <reporter-output>
          </reporter-output>
        </test-method> <!-- suiteSetup -->
        <test-method is-config="true" signature="testMethodSetup()[pri:0, instance:testscripts.scenario1.TC_1@63376bed]" started-at="2023-12-10T19:09:21 IST" name="testMethodSetup" finished-at="2023-12-10T19:09:21 IST" duration-ms="2" status="PASS">
          <reporter-output>
          </reporter-output>
        </test-method> <!-- testMethodSetup -->
        <test-method signature="runTC1(java.lang.String)[pri:0, instance:testscripts.scenario1.TC_1@63376bed]" started-at="2023-12-10T19:09:21 IST" name="runTC1" finished-at="2023-12-10T19:09:43 IST" duration-ms="22175" status="PASS">
          <params>
            <param index="0">
              <value>
                <![CDATA[firefox]]>
              </value>
            </param>
          </params>
          <reporter-output>
          </reporter-output>
        </test-method> <!-- runTC1 -->
        <test-method is-config="true" signature="testMethodTearDown()[pri:0, instance:testscripts.scenario1.TC_1@63376bed]" started-at="2023-12-10T19:09:43 IST" name="testMethodTearDown" finished-at="2023-12-10T19:09:44 IST" duration-ms="162" status="PASS">
          <reporter-output>
          </reporter-output>
        </test-method> <!-- testMethodTearDown -->
        <test-method is-config="true" signature="suiteTearDown()[pri:0, instance:testscripts.scenario1.TC_1@63376bed]" started-at="2023-12-10T19:09:44 IST" name="suiteTearDown" finished-at="2023-12-10T19:09:44 IST" duration-ms="603" status="PASS">
          <reporter-output>
          </reporter-output>
        </test-method> <!-- suiteTearDown -->
      </class> <!-- testscripts.scenario1.TC_1 -->
    </test> <!-- Test -->
  </suite> <!-- Regression -->
</testng-results>
