<?xml version="1.0" encoding="UTF-8"?>
<testng-results ignored="0" total="4" passed="4" failed="0" skipped="0">
  <reporter-output>
  </reporter-output>
  <suite started-at="2023-12-10T12:03:29 IST" name="Regression" finished-at="2023-12-10T12:03:58 IST" duration-ms="29418">
    <groups>
    </groups>
    <test started-at="2023-12-10T12:03:29 IST" name="Test" finished-at="2023-12-10T12:03:58 IST" duration-ms="29418">
      <class name="testscripts.scenario1.TC_1">
        <test-method is-config="true" signature="suiteSetup(org.testng.ITestContext)[pri:0, instance:testscripts.scenario1.TC_1@11392934]" started-at="2023-12-10T12:03:27 IST" name="suiteSetup" finished-at="2023-12-10T12:03:29 IST" duration-ms="1830" status="PASS">
          <params>
            <param index="0">
              <value>
                <![CDATA[org.testng.TestRunner@cc6460c]]>
              </value>
            </param>
          </params>
          <reporter-output>
          </reporter-output>
        </test-method> <!-- suiteSetup -->
        <test-method is-config="true" signature="testMethodSetup()[pri:0, instance:testscripts.scenario1.TC_1@11392934]" started-at="2023-12-10T12:03:29 IST" name="testMethodSetup" finished-at="2023-12-10T12:03:29 IST" duration-ms="21" status="PASS">
          <reporter-output>
          </reporter-output>
        </test-method> <!-- testMethodSetup -->
        <test-method signature="runTC1(java.lang.String)[pri:0, instance:testscripts.scenario1.TC_1@11392934]" started-at="2023-12-10T12:03:29 IST" name="runTC1" finished-at="2023-12-10T12:03:57 IST" duration-ms="28142" status="PASS">
          <params>
            <param index="0">
              <value>
                <![CDATA[chrome]]>
              </value>
            </param>
          </params>
          <reporter-output>
          </reporter-output>
        </test-method> <!-- runTC1 -->
        <test-method is-config="true" signature="testMethodTearDown()[pri:0, instance:testscripts.scenario1.TC_1@11392934]" started-at="2023-12-10T12:03:57 IST" name="testMethodTearDown" finished-at="2023-12-10T12:03:58 IST" duration-ms="447" status="PASS">
          <reporter-output>
          </reporter-output>
        </test-method> <!-- testMethodTearDown -->
        <test-method is-config="true" signature="suiteTearDown()[pri:0, instance:testscripts.scenario1.TC_1@11392934]" started-at="2023-12-10T12:03:58 IST" name="suiteTearDown" finished-at="2023-12-10T12:03:59 IST" duration-ms="609" status="PASS">
          <reporter-output>
          </reporter-output>
        </test-method> <!-- suiteTearDown -->
      </class> <!-- testscripts.scenario1.TC_1 -->
      <class name="testscripts.scenario1.TC_2">
        <test-method is-config="true" signature="testMethodSetup()[pri:0, instance:testscripts.scenario1.TC_2@78e4deb0]" started-at="2023-12-10T12:03:29 IST" name="testMethodSetup" finished-at="2023-12-10T12:03:29 IST" duration-ms="21" status="PASS">
          <reporter-output>
          </reporter-output>
        </test-method> <!-- testMethodSetup -->
        <test-method signature="runTC2()[pri:0, instance:testscripts.scenario1.TC_2@78e4deb0]" started-at="2023-12-10T12:03:29 IST" name="runTC2" finished-at="2023-12-10T12:03:57 IST" duration-ms="28143" status="PASS">
          <reporter-output>
          </reporter-output>
        </test-method> <!-- runTC2 -->
        <test-method is-config="true" signature="testMethodTearDown()[pri:0, instance:testscripts.scenario1.TC_2@78e4deb0]" started-at="2023-12-10T12:03:57 IST" name="testMethodTearDown" finished-at="2023-12-10T12:03:57 IST" duration-ms="250" status="PASS">
          <reporter-output>
          </reporter-output>
        </test-method> <!-- testMethodTearDown -->
      </class> <!-- testscripts.scenario1.TC_2 -->
      <class name="testscripts.scenario1.TC_3">
        <test-method is-config="true" signature="testMethodSetup()[pri:0, instance:testscripts.scenario1.TC_3@6e9175d8]" started-at="2023-12-10T12:03:29 IST" name="testMethodSetup" finished-at="2023-12-10T12:03:29 IST" duration-ms="20" status="PASS">
          <reporter-output>
          </reporter-output>
        </test-method> <!-- testMethodSetup -->
        <test-method signature="runTC3()[pri:0, instance:testscripts.scenario1.TC_3@6e9175d8]" started-at="2023-12-10T12:03:29 IST" name="runTC3" finished-at="2023-12-10T12:03:57 IST" duration-ms="28143" status="PASS">
          <reporter-output>
          </reporter-output>
        </test-method> <!-- runTC3 -->
        <test-method is-config="true" signature="testMethodTearDown()[pri:0, instance:testscripts.scenario1.TC_3@6e9175d8]" started-at="2023-12-10T12:03:57 IST" name="testMethodTearDown" finished-at="2023-12-10T12:03:58 IST" duration-ms="632" status="PASS">
          <reporter-output>
          </reporter-output>
        </test-method> <!-- testMethodTearDown -->
      </class> <!-- testscripts.scenario1.TC_3 -->
      <class name="testscripts.scenario1.TC_4">
        <test-method is-config="true" signature="testMethodSetup()[pri:0, instance:testscripts.scenario1.TC_4@7d0b7e3c]" started-at="2023-12-10T12:03:29 IST" name="testMethodSetup" finished-at="2023-12-10T12:03:29 IST" duration-ms="24" status="PASS">
          <reporter-output>
          </reporter-output>
        </test-method> <!-- testMethodSetup -->
        <test-method signature="runTC4()[pri:0, instance:testscripts.scenario1.TC_4@7d0b7e3c]" started-at="2023-12-10T12:03:29 IST" name="runTC4" finished-at="2023-12-10T12:03:58 IST" duration-ms="29185" status="PASS">
          <reporter-output>
          </reporter-output>
        </test-method> <!-- runTC4 -->
        <test-method is-config="true" signature="testMethodTearDown()[pri:0, instance:testscripts.scenario1.TC_4@7d0b7e3c]" started-at="2023-12-10T12:03:58 IST" name="testMethodTearDown" finished-at="2023-12-10T12:03:58 IST" duration-ms="165" status="PASS">
          <reporter-output>
          </reporter-output>
        </test-method> <!-- testMethodTearDown -->
      </class> <!-- testscripts.scenario1.TC_4 -->
    </test> <!-- Test -->
  </suite> <!-- Regression -->
</testng-results>
