<?xml version="1.0" encoding="UTF-8"?>
<testsuite xmlns:xsi="http://www.w3.org/2001/XMLSchema-instance" xsi:noNamespaceSchemaLocation="https://maven.apache.org/surefire/maven-surefire-plugin/xsd/surefire-test-report-3.0.xsd" version="3.0" name="TestSuite" time="28.14" tests="4" errors="0" skipped="0" failures="0">
  <properties>
[...]
</properties>
  <testcase name="runTC4" classname="testscripts.scenario1.TC_4" time="20.5">
    <system-err><![CDATA[SLF4J: Failed to load class "org.slf4j.impl.StaticLoggerBinder".
SLF4J: Defaulting to no-operation (NOP) logger implementation
SLF4J: See http://www.slf4j.org/codes.html#StaticLoggerBinder for further details.
]]></system-err>
  </testcase>
  <testcase name="runTC4" classname="testscripts.scenario1.TC_2" time="22.394"/>
  <testcase name="runTC4" classname="testscripts.scenario1.TC_3" time="24.987"/>
  <testcase name="runTC4" classname="testscripts.scenario1.TC_1" time="25.137"/>
</testsuite>