<?xml version="1.0" encoding="UTF-8"?>
<testng-results ignored="0" total="1" passed="1" failed="0" skipped="0">
  <reporter-output>
  </reporter-output>
  <suite started-at="2023-12-12T18:24:49 IST" name="Regression" finished-at="2023-12-12T18:25:48 IST" duration-ms="59588">
    <groups>
    </groups>
    <test started-at="2023-12-12T18:24:49 IST" name="Test" finished-at="2023-12-12T18:25:48 IST" duration-ms="59588">
      <class name="testscripts.scenario1.TC_1">
        <test-method is-config="true" signature="suiteSetup(org.testng.ITestContext)[pri:0, instance:testscripts.scenario1.TC_1@53fe15ff]" started-at="2023-12-12T18:24:47 IST" name="suiteSetup" finished-at="2023-12-12T18:24:49 IST" duration-ms="1686" status="PASS">
          <params>
            <param index="0">
              <value>
                <![CDATA[org.testng.TestRunner@655a5d9c]]>
              </value>
            </param>
          </params>
          <reporter-output>
          </reporter-output>
        </test-method> <!-- suiteSetup -->
        <test-method is-config="true" signature="testMethodSetup()[pri:0, instance:testscripts.scenario1.TC_1@53fe15ff]" started-at="2023-12-12T18:24:49 IST" name="testMethodSetup" finished-at="2023-12-12T18:24:49 IST" duration-ms="1" status="PASS">
          <reporter-output>
          </reporter-output>
        </test-method> <!-- testMethodSetup -->
        <test-method signature="runTC1(java.lang.String)[pri:0, instance:testscripts.scenario1.TC_1@53fe15ff]" started-at="2023-12-12T18:24:49 IST" name="runTC1" finished-at="2023-12-12T18:25:48 IST" duration-ms="59417" status="PASS">
          <params>
            <param index="0">
              <value>
                <![CDATA[edge]]>
              </value>
            </param>
          </params>
          <reporter-output>
          </reporter-output>
        </test-method> <!-- runTC1 -->
        <test-method is-config="true" signature="testMethodTearDown()[pri:0, instance:testscripts.scenario1.TC_1@53fe15ff]" started-at="2023-12-12T18:25:48 IST" name="testMethodTearDown" finished-at="2023-12-12T18:25:48 IST" duration-ms="138" status="PASS">
          <reporter-output>
          </reporter-output>
        </test-method> <!-- testMethodTearDown -->
        <test-method is-config="true" signature="suiteTearDown()[pri:0, instance:testscripts.scenario1.TC_1@53fe15ff]" started-at="2023-12-12T18:25:48 IST" name="suiteTearDown" finished-at="2023-12-12T18:25:49 IST" duration-ms="560" status="PASS">
          <reporter-output>
          </reporter-output>
        </test-method> <!-- suiteTearDown -->
      </class> <!-- testscripts.scenario1.TC_1 -->
    </test> <!-- Test -->
  </suite> <!-- Regression -->
</testng-results>
