<?xml version="1.0" encoding="UTF-8"?>
<testng-results ignored="0" total="1" passed="1" failed="0" skipped="0">
  <reporter-output>
  </reporter-output>
  <suite started-at="2023-12-10T19:05:30 IST" name="Default suite" finished-at="2023-12-10T19:05:58 IST" duration-ms="28371">
    <groups>
    </groups>
    <test started-at="2023-12-10T19:05:30 IST" name="Default test" finished-at="2023-12-10T19:05:58 IST" duration-ms="28371">
      <class name="testscripts.scenario1.TC_2">
        <test-method is-config="true" signature="suiteSetup(org.testng.ITestContext)[pri:0, instance:testscripts.scenario1.TC_2@1a6d8329]" started-at="2023-12-10T19:05:28 IST" name="suiteSetup" finished-at="2023-12-10T19:05:30 IST" duration-ms="2296" status="PASS">
          <params>
            <param index="0">
              <value>
                <![CDATA[org.testng.TestRunner@28f4f300]]>
              </value>
            </param>
          </params>
          <reporter-output>
          </reporter-output>
        </test-method> <!-- suiteSetup -->
        <test-method is-config="true" signature="testMethodSetup()[pri:0, instance:testscripts.scenario1.TC_2@1a6d8329]" started-at="2023-12-10T19:05:30 IST" name="testMethodSetup" finished-at="2023-12-10T19:05:30 IST" duration-ms="2" status="PASS">
          <reporter-output>
          </reporter-output>
        </test-method> <!-- testMethodSetup -->
        <test-method signature="runTC2()[pri:0, instance:testscripts.scenario1.TC_2@1a6d8329]" started-at="2023-12-10T19:05:30 IST" name="runTC2" finished-at="2023-12-10T19:05:58 IST" duration-ms="28177" status="PASS">
          <reporter-output>
          </reporter-output>
        </test-method> <!-- runTC2 -->
        <test-method is-config="true" signature="testMethodTearDown()[pri:0, instance:testscripts.scenario1.TC_2@1a6d8329]" started-at="2023-12-10T19:05:58 IST" name="testMethodTearDown" finished-at="2023-12-10T19:05:58 IST" duration-ms="145" status="PASS">
          <reporter-output>
          </reporter-output>
        </test-method> <!-- testMethodTearDown -->
        <test-method is-config="true" signature="suiteTearDown()[pri:0, instance:testscripts.scenario1.TC_2@1a6d8329]" started-at="2023-12-10T19:05:58 IST" name="suiteTearDown" finished-at="2023-12-10T19:05:59 IST" duration-ms="560" status="PASS">
          <reporter-output>
          </reporter-output>
        </test-method> <!-- suiteTearDown -->
      </class> <!-- testscripts.scenario1.TC_2 -->
    </test> <!-- Default test -->
  </suite> <!-- Default suite -->
</testng-results>
